<?xml version="1.0" encoding="UTF-8" ?>
<testsuite tests="3" failures="1" name="com.spacex.api.tests.Launch_Details_API_Test" time="5.883" errors="0" skipped="0">
  <properties>
[...]
</properties>
  <testcase classname="com.spacex.api.tests.Launch_Details_API_Test" name="TC_01_ValidateResponseOfLaunchAPI_withValidParameters" time="3.273"/>
  <testcase classname="com.spacex.api.tests.Launch_Details_API_Test" name="TC_02_ValidateResponseOfLaunchAPI_withoutHeaderValue" time="1.35"/>
  <testcase classname="com.spacex.api.tests.Launch_Details_API_Test" name="TC_03_ValidateResponseOfLaunchAPI_withInvalidHeader" time="1.26">
    <failure message="expected [400] but found [200]" type="java.lang.AssertionError">java.lang.AssertionError: expected [400] but found [200]
	at org.testng.Assert.fail(Assert.java:99)
	at org.testng.Assert.failNotEquals(Assert.java:1037)
	at org.testng.Assert.assertEqualsImpl(Assert.java:140)
	at org.testng.Assert.assertEquals(Assert.java:122)
	at org.testng.Assert.assertEquals(Assert.java:907)
	at org.testng.Assert.assertEquals(Assert.java:917)
	at com.spacex.api.tests.Launch_Details_API_Test.TC_03_ValidateResponseOfLaunchAPI_withInvalidHeader(Launch_Details_API_Test.java:114)
</failure>
    <system-out>https://api.spacexdata.com/v4/launches/latest
</system-out>
    <system-err>Sep 04, 2021 5:04:50 AM com.spacex.api.common.TestBase afterTestMethodTestBase
INFO: *************Test execution COMPLETED for test caseTC_02_ValidateResponseOfLaunchAPI_withoutHeaderValue ****************
Sep 04, 2021 5:04:50 AM com.spacex.api.tests.Launch_Details_API_Test beforeTestMethod
INFO: &gt;&gt;&gt;&gt;&gt;&gt;&gt;&gt;&gt;&gt;&gt;TESTDATA FROM EXCEL =  requestBodyPayLoad :- 
Sep 04, 2021 5:04:50 AM com.spacex.api.tests.Launch_Details_API_Test beforeTestMethod
INFO: &gt;&gt;&gt;&gt;&gt;&gt;&gt;&gt;&gt;&gt;&gt;TESTDATA FROM EXCEL =  headerPayload :- 76876876
Sep 04, 2021 5:04:50 AM com.spacex.api.tests.Launch_Details_API_Test TC_03_ValidateResponseOfLaunchAPI_withInvalidHeader
INFO: validate the recent launch details with invalid params
Sep 04, 2021 5:04:51 AM com.spacex.api.tests.Launch_Details_API_Test TC_03_ValidateResponseOfLaunchAPI_withInvalidHeader
INFO: Status code of Response---------------------200
Sep 04, 2021 5:04:51 AM com.spacex.api.tests.Launch_Details_API_Test TC_03_ValidateResponseOfLaunchAPI_withInvalidHeader
INFO: Output of Response---------------------
Sep 04, 2021 5:04:51 AM com.spacex.api.tests.Launch_Details_API_Test TC_03_ValidateResponseOfLaunchAPI_withInvalidHeader
INFO: Launch validated succesfully
</system-err>
  </testcase>
</testsuite>