<?xml version="1.0" encoding="UTF-8"?>
<!-- Generated by org.testng.reporters.JUnitXMLReporter -->
<testsuite hostname="DESKTOP-TMOT4U3" ignored="0" name="Command line test" tests="3" failures="1" timestamp="2021-09-04T05:04:51 IST" time="7.7" errors="0">
  <testcase name="TC_01_ValidateResponseOfLaunchAPI_withValidParameters" time="2.968" classname="com.spacex.api.tests.Launch_Details_API_Test"/>
  <testcase name="TC_02_ValidateResponseOfLaunchAPI_withoutHeaderValue" time="1.478" classname="com.spacex.api.tests.Launch_Details_API_Test"/>
  <testcase name="TC_03_ValidateResponseOfLaunchAPI_withInvalidHeader" time="1.313" classname="com.spacex.api.tests.Launch_Details_API_Test">
    <failure type="java.lang.AssertionError" message="expected [400] but found [200]">
      <![CDATA[java.lang.AssertionError: expected [400] but found [200]
at com.spacex.api.tests.Launch_Details_API_Test.TC_03_ValidateResponseOfLaunchAPI_withInvalidHeader(Launch_Details_API_Test.java:114)
at java.util.ArrayList.forEach(ArrayList.java:1257)
... Removed 42 stack frames]]>
    </failure>
  </testcase> <!-- TC_03_ValidateResponseOfLaunchAPI_withInvalidHeader -->
</testsuite> <!-- Command line test -->
